Found 0 products for Keyword: Shilajit Shuddha
Found 0 products for Keyword: Brahmi
Found 0 products for Keyword: Kali Musli
Found 0 products for Keyword: Safed Musli
Found 0 products for Keyword: Kaucha Beej
Found 1 products for Keyword: Shatavari
Crawled Count: 1 Crawling URL: https://www.vitaminshoppe.com/p/organic-india-usa-shatavari-90-veggie-caps/o3-1022 KeyWord: Shatavari
Found 0 products for Keyword: Gokhshur
Found 0 products for Keyword: Vitis Vinifera
Found 0 products for Keyword: Centella asiatica
Found 0 products for Keyword: Curculigo orchioides
Found 0 products for Keyword: Chlorophytum arundinaceum
Found 0 products for Keyword: Asparagus racemosus
Found 2 products for Keyword: Tribulus terrestris
Crawled Count: 2 Crawling URL: https://www.vitaminshoppe.com/p/tribulus-terrestris-extract-625-mg-100-capsules/vs-1603 KeyWord: Tribulus terrestris
Crawled Count: 3 Crawling URL: https://www.vitaminshoppe.com/p/tribulus-terrestris-extract-300-capsules/vs-2609 KeyWord: Tribulus terrestris
Found 23 products for Keyword: Ashwagandha
Crawled Count: 4 Crawling URL: https://www.vitaminshoppe.com/p/plnt-ashwagandha-90-vegetarian-capsules/vs-2673 KeyWord: Ashwagandha
Crawled Count: 5 Crawling URL: https://www.vitaminshoppe.com/p/organic-india-usa-ashwagandha-90-veggie-caps/o3-1019 KeyWord: Ashwagandha
Crawled Count: 6 Crawling URL: https://www.vitaminshoppe.com/p/ashwagandha-extract-470-mg-120-capsules/vs-1944 KeyWord: Ashwagandha
Crawled Count: 7 Crawling URL: https://www.vitaminshoppe.com/p/himalaya-herbal-healthcare-ashwagandha-60-caplets/h0-1004 KeyWord: Ashwagandha
Crawled Count: 8 Crawling URL: https://www.vitaminshoppe.com/p/gaia-herbs-ashwagandha-root-60-veggie-caps/gh-2096 KeyWord: Ashwagandha
Crawled Count: 9 Crawling URL: https://www.vitaminshoppe.com/p/jarrow-formulas-ashwagandha-120-capsules/jf-7328 KeyWord: Ashwagandha
Crawled Count: 10 Crawling URL: https://www.vitaminshoppe.com/p/nature-answer-ashwagandaha-root-2000-mg-2-oz/bb-1353 KeyWord: Ashwagandha
Crawled Count: 11 Crawling URL: https://www.vitaminshoppe.com/p/nature-way-ashwagandha-60-veggie-caps/nw-7300 KeyWord: Ashwagandha
Crawled Count: 12 Crawling URL: https://www.vitaminshoppe.com/p/ashwagandha-90-vegetarian-capsules/ogw1029 KeyWord: Ashwagandha
Crawled Count: 13 Crawling URL: https://www.vitaminshoppe.com/p/r-u-ved-ashwagandha-60-vegetarian-capsules/ruv1016 KeyWord: Ashwagandha
Crawled Count: 14 Crawling URL: https://www.vitaminshoppe.com/p/solaray-ashwagandha-470-mg-60-capsules/so-1738 KeyWord: Ashwagandha
Crawled Count: 15 Crawling URL: https://www.vitaminshoppe.com/p/nature-plus-ashwagandha-450-mg-60-capsules/nt-3003 KeyWord: Ashwagandha
Crawled Count: 16 Crawling URL: https://www.vitaminshoppe.com/p/maca-root-ashwagandha-75-softgels/in-1003 KeyWord: Ashwagandha
Crawled Count: 17 Crawling URL: https://www.vitaminshoppe.com/p/solgar-sfp-ashwagandha-rt-60-veggie-caps/sl-2682 KeyWord: Ashwagandha
Crawled Count: 18 Crawling URL: https://www.vitaminshoppe.com/p/mykind-organics-ashwagandha-stess-mood-60-vegancaps/gu-1560 KeyWord: Ashwagandha
Crawled Count: 19 Crawling URL: https://www.vitaminshoppe.com/p/stress-support-probiotic-50-billion-90-veggie-caps/vs-5049 KeyWord: Ashwagandha
Crawled Count: 20 Crawling URL: https://www.vitaminshoppe.com/p/planetary-formulations-ashwagandha-herbal-extract-lemon-2-fl-oz/pl-1120 KeyWord: Ashwagandha
Crawled Count: 21 Crawling URL: https://www.vitaminshoppe.com/p/ashwagandha-extract-470-mg-60-capsules/vs-1943 KeyWord: Ashwagandha
Crawled Count: 22 Crawling URL: https://www.vitaminshoppe.com/p/ashwagandha-1-oz/pp-7021 KeyWord: Ashwagandha
Crawled Count: 23 Crawling URL: https://www.vitaminshoppe.com/p/ashwagandha-root-powder-7-powder/ogt1006 KeyWord: Ashwagandha
Crawled Count: 24 Crawling URL: https://www.vitaminshoppe.com/p/blue-buddha-organic-wellness-tea-lemon-elderflower-14-fl-oz/bbd1001 KeyWord: Ashwagandha
Crawled Count: 25 Crawling URL: https://www.vitaminshoppe.com/p/blue-buddha-organic-wellness-tea-raspberry-hibiscus-14-fl-oz/bbd1002 KeyWord: Ashwagandha
Crawled Count: 26 Crawling URL: https://www.vitaminshoppe.com/p/blue-buddha-organic-wellness-tea-blueberry-rose-14-fl-oz/bbd1003 KeyWord: Ashwagandha
Found 0 products for Keyword: Kapikacchu
Found 0 products for Keyword: Gokhshur
Found 0 products for Keyword: Safed musli 
Found 0 products for Keyword: Erandmula
Found 32 products for Keyword: Bala
Crawled Count: 27 Crawling URL: https://www.vitaminshoppe.com/p/solaray-lemon-balm-395-mg-100-capsules/so-1762 KeyWord: Bala
Crawled Count: 28 Crawling URL: https://www.vitaminshoppe.com/p/lemon-balm-1-oz/pp-7299 KeyWord: Bala
Crawled Count: 29 Crawling URL: https://www.vitaminshoppe.com/p/beard-balm-maracuja-oil-shea-butter-4-oz-balm/em-0075 KeyWord: Bala
Crawled Count: 30 Crawling URL: https://www.vitaminshoppe.com/p/earth-mama-angel-baby-angel-baby-bottom-balm-2-oz-balm/6z-1005 KeyWord: Bala
Crawled Count: 31 Crawling URL: https://www.vitaminshoppe.com/p/100-all-natural-cold-sore-relief-0-7-oz-balm/ggo0003 KeyWord: Bala
Crawled Count: 32 Crawling URL: https://www.vitaminshoppe.com/p/prince-of-peace-tiger-balm-ultra-1-7-oz-cream/tb-1010 KeyWord: Bala
Crawled Count: 33 Crawling URL: https://www.vitaminshoppe.com/p/best-damn-beard-balm-1-6-oz-balm/dkc0006 KeyWord: Bala
Crawled Count: 34 Crawling URL: https://www.vitaminshoppe.com/p/2chic-frizz-be-gone-anti-frizz-hair-balm-shea-butter-sweet-almond-oil-5-oz-balm/gv-0020 KeyWord: Bala
Crawled Count: 35 Crawling URL: https://www.vitaminshoppe.com/p/vapor-rub-1-5-oz-balm/mty1001 KeyWord: Bala
Crawled Count: 36 Crawling URL: https://www.vitaminshoppe.com/p/kosmea-australia-rescue-balm-1-69-oz-balm/kns1003 KeyWord: Bala
Crawled Count: 37 Crawling URL: https://www.vitaminshoppe.com/p/after-shave-balm-ice-cold-6-oz-balm/dkc0005 KeyWord: Bala
Crawled Count: 38 Crawling URL: https://www.vitaminshoppe.com/p/lemon-balm-force-30-veggie-capsule/cn-7163 KeyWord: Bala
Crawled Count: 39 Crawling URL: https://www.vitaminshoppe.com/p/eclectic-institute-lemon-balm-kids-lemon-1-oz/fj-7315 KeyWord: Bala
Crawled Count: 40 Crawling URL: https://www.vitaminshoppe.com/p/bloody-knuckles-hand-repair-balm-5-oz-cream/dkc0003 KeyWord: Bala
Crawled Count: 41 Crawling URL: https://www.vitaminshoppe.com/p/aura-cacia-lemon-balm-jojoba-oil-blend-0-5-oz/if-0024 KeyWord: Bala
Crawled Count: 42 Crawling URL: https://www.vitaminshoppe.com/p/badger-badger-baby-balm-2-oz-cream/wx-1110 KeyWord: Bala
Crawled Count: 43 Crawling URL: https://www.vitaminshoppe.com/p/100-all-natural-pain-relief-0-7-oz-balm/ggo0008 KeyWord: Bala
Crawled Count: 44 Crawling URL: https://www.vitaminshoppe.com/p/100-all-natural-skin-repair-1-82-oz-balm/ggo0011 KeyWord: Bala
Crawled Count: 45 Crawling URL: https://www.vitaminshoppe.com/p/100-all-natural-first-aid-0-7-oz-balm/ggo0006 KeyWord: Bala
Crawled Count: 46 Crawling URL: https://www.vitaminshoppe.com/p/badger-badger-anti-bug-stick-1-5-oz-balm/wx-1040 KeyWord: Bala
Crawled Count: 47 Crawling URL: https://www.vitaminshoppe.com/p/prince-of-peace-tiger-balm-extra-strength-0-63-oz-cream/tb-1004 KeyWord: Bala
Crawled Count: 48 Crawling URL: https://www.vitaminshoppe.com/p/100-all-natural-tattoo-care-0-7-oz-balm/ggo0012 KeyWord: Bala
Crawled Count: 49 Crawling URL: https://www.vitaminshoppe.com/p/100-all-natural-tattoo-care-1-82-oz-balm/ggo0013 KeyWord: Bala
Crawled Count: 50 Crawling URL: https://www.vitaminshoppe.com/p/145-face-body-skin-balm-5-fl-oz/eh-0011 KeyWord: Bala
Crawled Count: 51 Crawling URL: https://www.vitaminshoppe.com/p/prince-of-peace-tiger-balm-unscented-neck-shoulder-rub-1-76-oz-cream/pi-1041 KeyWord: Bala
Crawled Count: 52 Crawling URL: https://www.vitaminshoppe.com/p/beauty-balm-luminous-finish-spf-9-illuminating-2-fl-oz/8u-0074 KeyWord: Bala
Crawled Count: 53 Crawling URL: https://www.vitaminshoppe.com/p/beauty-balm-satin-finish-spf-9-perfecting-2-fl-oz/8u-0075 KeyWord: Bala
Crawled Count: 54 Crawling URL: https://www.vitaminshoppe.com/p/andalou-naturals-all-in-one-beauty-balm-sheer-tint-spf-30-2-oz-balm/ha-1085 KeyWord: Bala
Crawled Count: 55 Crawling URL: https://www.vitaminshoppe.com/p/dr-bronner-organic-naked-lip-balm-0-15-oz-lip-balm/dr-1050 KeyWord: Bala
Crawled Count: 56 Crawling URL: https://www.vitaminshoppe.com/p/dr-bronner-organic-peppermint-lip-balm-0-15-oz-lip-balm/dr-1051 KeyWord: Bala
Crawled Count: 57 Crawling URL: https://www.vitaminshoppe.com/p/badger-sleep-balm-0-75-balm/wx-1005 KeyWord: Bala
Crawled Count: 58 Crawling URL: https://www.vitaminshoppe.com/p/cannon-balm-140-tactical-lip-protectant-0-5-oz-balm/dkc0004 KeyWord: Bala
Found 0 products for Keyword: Amalaki
Found 11 products for Keyword: Marich
Crawled Count: 59 Crawling URL: https://www.vitaminshoppe.com/p/solaray-red-marine-algae-375-mg-100-capsules/so-7123 KeyWord: Marich
Crawled Count: 60 Crawling URL: https://www.vitaminshoppe.com/p/vibrant-health-gigartina-red-marine-algae-250-mg-90-tablets/vh-1009 KeyWord: Marich
Crawled Count: 61 Crawling URL: https://www.vitaminshoppe.com/p/marine-phytoplankton-1-fl-oz/sfs1028 KeyWord: Marich
Crawled Count: 62 Crawling URL: https://www.vitaminshoppe.com/p/nature-life-marine-collagen-60-capsules/oy-1045 KeyWord: Marich
Crawled Count: 63 Crawling URL: https://www.vitaminshoppe.com/p/natures-life-marine-magnesium-500-mg-100-vegetarian-capsules/oy-1051 KeyWord: Marich
Crawled Count: 64 Crawling URL: https://www.vitaminshoppe.com/p/source-naturals-red-marine-algae-350-mg-90-tablets/sr-7271 KeyWord: Marich
Crawled Count: 65 Crawling URL: https://www.vitaminshoppe.com/p/purifying-gel-cleanser-marine-algae-6-fl-oz-cream/dx-0006 KeyWord: Marich
Crawled Count: 66 Crawling URL: https://www.vitaminshoppe.com/p/purifying-2-in-1-charcoal-mask-marine-algae-1-7-oz-serum/dx-0005 KeyWord: Marich
Crawled Count: 67 Crawling URL: https://www.vitaminshoppe.com/p/purifying-daily-detox-scrub-marine-algae-6-oz-scrub/dx-0007 KeyWord: Marich
Crawled Count: 68 Crawling URL: https://www.vitaminshoppe.com/p/neocell-fish-collagen-ha-120-capsules/o5-1009 KeyWord: Marich
Crawled Count: 69 Crawling URL: https://www.vitaminshoppe.com/p/wild-caught-marine-collagen-20-packets/vtp1021 KeyWord: Marich
Found 0 products for Keyword: Withania somnifera
Found 3 products for Keyword: Mucuna pruriens
Crawled Count: 70 Crawling URL: https://www.vitaminshoppe.com/p/america-finest-hgh-dopa-400-mg-250-capsules/fi-1001 KeyWord: Mucuna pruriens
Crawled Count: 71 Crawling URL: https://www.vitaminshoppe.com/p/ojio-mucuna-pruriens-powder-100-gm-3-53-oz-powder/uss1016 KeyWord: Mucuna pruriens
Crawled Count: 72 Crawling URL: https://www.vitaminshoppe.com/p/mucuna-60-caplets/h0-1043 KeyWord: Mucuna pruriens
Found 2 products for Keyword: Tribulus terrestris
Crawled Count: 73 Crawling URL: https://www.vitaminshoppe.com/p/tribulus-terrestris-extract-625-mg-100-capsules/vs-1603 KeyWord: Tribulus terrestris
Crawled Count: 74 Crawling URL: https://www.vitaminshoppe.com/p/tribulus-terrestris-extract-300-capsules/vs-2609 KeyWord: Tribulus terrestris
Found 0 products for Keyword: Chlorophytum arundinaceum 
Found 0 products for Keyword: Ricinus communis
Found 0 products for Keyword: Sida cordifolia
Found 0 products for Keyword: Emblica officinalis
Found 0 products for Keyword: Piper nigrum
Done: 74 total results