GNC.com : Found 0 results for keyword: Safed Musli
Skiping Keyword: Shilajit Shuddha Showing results for : shilajit instead
GNC.com : Found 0 results for keyword: Brahmi
Skiping Keyword: Kali Musli Showing results for : kale instead
GNC.com : Found 0 results for keyword: Safed Musli
Skiping Keyword: Kaucha Beej Showing results for : beef instead
GNC.com : Found 0 results for keyword: Shatavari
GNC.com : Found 0 results for keyword: Gokhshur
GNC.com : Found 0 results for keyword: Vitis Vinifera
GNC.com : Found 0 results for keyword: Centella asiatica
GNC.com : Found 0 results for keyword: Curculigo orchioides
GNC.com : Found 0 results for keyword: Chlorophytum arundinaceum
GNC.com : Found 0 results for keyword: Asparagus racemosus
Skiping Keyword: Tribulus terrestris Showing results for : tribulus instead
GNC.com : Found 6 results for keyword: Ashwagandha
GNC : Crawl count: 1 Crawling URL: https://www.gnc.com/spring-2x-bonus-points/484001.html
GNC : Crawl count: 2 Crawling URL: https://www.gnc.com/spring-2x-bonus-points/187612.html
GNC : Crawl count: 3 Crawling URL: https://www.gnc.com/expanded-assortment-shop-all/792390.html
GNC : Crawl count: 4 Crawling URL: https://www.gnc.com/expanded-assortment-shop-all/792660.html
GNC : Crawl count: 5 Crawling URL: https://www.gnc.com/ashwagandha/215810.html
GNC : Crawl count: 6 Crawling URL: https://www.gnc.com/expanded-assortment-shop-all/230612.html
GNC.com : Found 0 results for keyword: Kapikacchu
GNC.com : Found 0 results for keyword: Gokhshur
GNC.com : Found 0 results for keyword: Safed musli 
GNC.com : Found 0 results for keyword: Erandmula
GNC.com : Found 0 results for keyword: Amalaki
GNC.com : Found 0 results for keyword: Marich
GNC.com : Found 0 results for keyword: Withania somnifera
Skiping Keyword: Mucuna pruriens Showing results for : Herbs T-Z instead
Skiping Keyword: Tribulus terrestris Showing results for : tribulus instead
GNC.com : Found 0 results for keyword: Chlorophytum arundinaceum 
GNC.com : Found 0 results for keyword: Ricinus communis
Skiping Keyword: Sida cordifolia Showing results for : Muscle Builders instead
GNC.com : Found 0 results for keyword: Emblica officinalis
Skiping Keyword: Piper nigrum Showing results for : piperwai instead
Skiping Keyword: Bala Showing results for : balance instead
Done: 4
MainConsolidated GNC Crawled Data.xlsx written successfully
GNC Reviews.xlsx written successfully